<?xml version="1.0" encoding="UTF-8"?>
<!-- Generated by org.testng.reporters.JUnitReportReporter -->
<testsuite hostname="KQ-LP-045" failures="0" tests="1" name="com.kiwiqa.testreport.TestClass" time="29.223" errors="0" timestamp="2024-07-02T12:45:45 IST" skipped="0">
  <testcase classname="com.kiwiqa.testreport.TestClass" name="formReg" time="29.223"/>
  <system-out/>
</testsuite> <!-- com.kiwiqa.testreport.TestClass -->
