<?xml version="1.0" encoding="UTF-8"?>
<!-- Generated by org.testng.reporters.JUnitReportReporter -->
<testsuite hostname="KQ-LP-045" failures="0" tests="1" name="com.kiwiqa.testreport.TestClass" time="29.528" errors="0" timestamp="2024-07-02T11:29:48 IST" skipped="0">
  <testcase classname="com.kiwiqa.testreport.TestClass" name="loginVerify" time="29.528"/>
  <system-out/>
</testsuite> <!-- com.kiwiqa.testreport.TestClass -->
